<?xml version="1.0" encoding="UTF-8"?>
<testsuite name="io.bluecell.web.controllers.DocumentControllerTest" time="0" tests="2" errors="0" skipped="2" failures="0">
  <properties>
[...]
</properties>
  <testcase name="testUpdateAnn" classname="io.bluecell.web.controllers.DocumentControllerTest" time="0">
    <skipped/>
    <system-out><![CDATA[16:00:26.174 [main] DEBUG o.s.t.c.s.AbstractDirtiesContextTestExecutionListener - After test class: context [DefaultTestContext@51c8530f testClass = GateDocumentServiceTest, testInstance = [null], testMethod = [null], testException = [null], mergedContextConfiguration = [MergedContextConfiguration@7403c468 testClass = GateDocumentServiceTest, locations = '{}', classes = '{class io.bluecell.TestConfig}', contextInitializerClasses = '[]', activeProfiles = '{}', propertySourceLocations = '{}', propertySourceProperties = '{}', contextLoader = 'org.springframework.test.context.support.AnnotationConfigContextLoader', parent = [null]]], class annotated with @DirtiesContext [false] with mode [null].
16:00:26.174 [main] DEBUG o.s.t.c.j.SpringJUnit4ClassRunner - SpringJUnit4ClassRunner constructor called with [class io.bluecell.web.controllers.DocumentControllerTest]
16:00:26.174 [main] DEBUG o.s.test.context.BootstrapUtils - Instantiating CacheAwareContextLoaderDelegate from class [org.springframework.test.context.cache.DefaultCacheAwareContextLoaderDelegate]
16:00:26.175 [main] DEBUG o.s.test.context.BootstrapUtils - Instantiating BootstrapContext using constructor [public org.springframework.test.context.support.DefaultBootstrapContext(java.lang.Class,org.springframework.test.context.CacheAwareContextLoaderDelegate)]
16:00:26.175 [main] DEBUG o.s.test.context.BootstrapUtils - Instantiating TestContextBootstrapper for test class [io.bluecell.web.controllers.DocumentControllerTest] from class [org.springframework.test.context.support.DefaultTestContextBootstrapper]
16:00:26.175 [main] DEBUG o.s.t.c.s.DefaultTestContextBootstrapper - Found explicit ContextLoader class [org.springframework.test.context.support.AnnotationConfigContextLoader] for context configuration attributes [ContextConfigurationAttributes@64b0d1fa declaringClass = 'io.bluecell.web.controllers.DocumentControllerTest', classes = '{class io.bluecell.TestConfig}', locations = '{}', inheritLocations = true, initializers = '{}', inheritInitializers = true, name = [null], contextLoaderClass = 'org.springframework.test.context.support.AnnotationConfigContextLoader']
16:00:26.175 [main] DEBUG o.s.t.c.support.ActiveProfilesUtils - Could not find an 'annotation declaring class' for annotation type [org.springframework.test.context.ActiveProfiles] and class [io.bluecell.web.controllers.DocumentControllerTest]
16:00:26.175 [main] DEBUG o.s.t.c.s.DefaultTestContextBootstrapper - @TestExecutionListeners is not present for class [io.bluecell.web.controllers.DocumentControllerTest]: using defaults.
16:00:26.176 [main] INFO  o.s.t.c.s.DefaultTestContextBootstrapper - Loaded default TestExecutionListener class names from location [META-INF/spring.factories]: [org.springframework.test.context.web.ServletTestExecutionListener, org.springframework.test.context.support.DirtiesContextBeforeModesTestExecutionListener, org.springframework.test.context.support.DependencyInjectionTestExecutionListener, org.springframework.test.context.support.DirtiesContextTestExecutionListener, org.springframework.test.context.transaction.TransactionalTestExecutionListener, org.springframework.test.context.jdbc.SqlScriptsTestExecutionListener]
16:00:26.176 [main] INFO  o.s.t.c.s.DefaultTestContextBootstrapper - Could not instantiate TestExecutionListener [org.springframework.test.context.jdbc.SqlScriptsTestExecutionListener]. Specify custom listener classes or make the default listener classes (and their required dependencies) available. Offending class: [org/springframework/transaction/interceptor/TransactionAttribute]
16:00:26.177 [main] INFO  o.s.t.c.s.DefaultTestContextBootstrapper - Could not instantiate TestExecutionListener [org.springframework.test.context.transaction.TransactionalTestExecutionListener]. Specify custom listener classes or make the default listener classes (and their required dependencies) available. Offending class: [org/springframework/transaction/TransactionDefinition]
16:00:26.177 [main] INFO  o.s.t.c.s.DefaultTestContextBootstrapper - Using TestExecutionListeners: [org.springframework.test.context.web.ServletTestExecutionListener@7f0b93b4, org.springframework.test.context.support.DirtiesContextBeforeModesTestExecutionListener@1376883, org.springframework.test.context.support.DependencyInjectionTestExecutionListener@1f736d00, org.springframework.test.context.support.DirtiesContextTestExecutionListener@523a7801]
16:00:26.177 [main] DEBUG o.s.t.annotation.ProfileValueUtils - Retrieved @ProfileValueSourceConfiguration [null] for test class [io.bluecell.web.controllers.DocumentControllerTest]
16:00:26.177 [main] DEBUG o.s.t.annotation.ProfileValueUtils - Retrieved ProfileValueSource type [class org.springframework.test.annotation.SystemProfileValueSource] for class [io.bluecell.web.controllers.DocumentControllerTest]
16:00:26.177 [main] DEBUG o.s.t.annotation.ProfileValueUtils - Retrieved @ProfileValueSourceConfiguration [null] for test class [io.bluecell.web.controllers.DocumentControllerTest]
16:00:26.177 [main] DEBUG o.s.t.annotation.ProfileValueUtils - Retrieved ProfileValueSource type [class org.springframework.test.annotation.SystemProfileValueSource] for class [io.bluecell.web.controllers.DocumentControllerTest]
]]></system-out>
  </testcase>
  <testcase name="testUpdateDoc" classname="io.bluecell.web.controllers.DocumentControllerTest" time="0">
    <skipped/>
  </testcase>
</testsuite>